<?xml version="1.0" encoding="UTF-8" ?>
<siteData>
    <version>1.1</version>
    <siteName/>
    <siteLocation>40,-98.5</siteLocation>
    <siteArea>0</siteArea>
    <hydSoilGroup>B</hydSoilGroup>
    <hydConductivity>0.4</hydConductivity>
    <surfaceSlope>5</surfaceSlope>
    <rainSource>4</rainSource>
    <evapSource>0</evapSource>
    <percForest>0</percForest>
    <percMeadow>0</percMeadow>
    <percLawn>40</percLawn>
    <percDesert>0</percDesert>
    <percImpervious>60</percImpervious>
    <percDisconnection>0</percDisconnection>
    <disconnectionCaptureRatio>100</disconnectionCaptureRatio>
    <percHarvesting>0</percHarvesting>
    <harvestingCisternSize>100</harvestingCisternSize>
    <harvestingCisternNumber>50</harvestingCisternNumber>
    <harvestingEmptyingRate>4</harvestingEmptyingRate>
    <percRainGardens>0</percRainGardens>
    <rainGardensPondingHeight>6</rainGardensPondingHeight>
    <rainGardensSoilThickness>12</rainGardensSoilThickness>
    <rainGardensSoilKsat>10</rainGardensSoilKsat>
    <rainGardensCaptureRatio>5</rainGardensCaptureRatio>
    <percGreenRoofs>0</percGreenRoofs>
    <greenRoofSoilThickness>4</greenRoofSoilThickness>
    <greenRoofSoilKsat>10</greenRoofSoilKsat>
    <percStreetPlanters>0</percStreetPlanters>
    <streetPlantersPondingHeight>6</streetPlantersPondingHeight>
    <streetPlantersSoilThickness>18</streetPlantersSoilThickness>
    <streetPlantersSoilKsat>10</streetPlantersSoilKsat>
    <streetPlantersGravelThickness>12</streetPlantersGravelThickness>
    <streetPlantersCaptureRatio>6</streetPlantersCaptureRatio>
    <percInfilBasin>0</percInfilBasin>
    <infilBasinBasinDepth>6</infilBasinBasinDepth>
    <infilBasinCaptureRatio>5</infilBasinCaptureRatio>
    <percPorousPavement>0</percPorousPavement>
    <porousPavementPavementThickness>6</porousPavementPavementThickness>
    <porousPavementGravelThickness>18</porousPavementGravelThickness>
    <porousPavementCaptureRatio>100</porousPavementCaptureRatio>
    <designStorm>0</designStorm>
    <yearsAnalyzed>20</yearsAnalyzed>
    <runoffThreshold>0.1</runoffThreshold>
    <ignoreConsecStorms>false</ignoreConsecStorms>
    <climateScenario>0</climateScenario>
    <climateYear>2035</climateYear>
    <isNewDevelopment>false</isNewDevelopment>
    <isReDevelopment>true</isReDevelopment>
    <siteSuitabilityPoor>true</siteSuitabilityPoor>
    <siteSuitabilityModerate>false</siteSuitabilityModerate>
    <siteSuitabilityExcellent>false</siteSuitabilityExcellent>
    <rgPretreatment>false</rgPretreatment>
    <ibPretreatment>false</ibPretreatment>
    <ppPretreatment>false</ppPretreatment>
    <cmbCostRegion>0</cmbCostRegion>
    <tbRegMultiplier>1</tbRegMultiplier>
    <precStationID>142592</precStationID>
    <evapStationID>257070</evapStationID>
</siteData>
